2023-07-26 17:43:10,577 [INFO] folder1.png was deleted because it doesn't exist anymore in main dir.
2023-07-26 17:54:48,540 [INFO] folder_one was deleted because it doesn't exist anymore in main dir.
2023-07-26 17:54:56,562 [INFO] folder_two was deleted because it doesn't exist anymore in main dir.
2023-07-26 17:57:47,872 [INFO] 123.png was deleted because it doesn't exist anymore in main dir.
2023-07-26 17:58:03,921 [INFO] ionel was deleted because it doesn't exist anymore in main dir.
2023-07-26 17:58:11,943 [INFO] 1800.py was deleted because it doesn't exist anymore in main dir.
2023-07-26 18:01:12,620 [INFO] lala.js was deleted because it doesn't exist anymore in main dir.
2023-07-26 18:02:24,499 [INFO] file.txt was deleted because it doesn't exist anymore in main dir.
2023-07-26 18:02:49,829 [INFO] add_file.txt was deleted because it doesn't exist anymore in main dir.
2023-07-26 18:07:05,354 [INFO] ooo.pdf was deleted because it doesn't exist anymore in main dir.
2023-07-26 18:08:27,113 [INFO] john.txt was deleted because it doesn't exist anymore in main dir.
2023-07-26 18:10:14,101 [INFO] ionel.py was deleted because it doesn't exist anymore in main dir.
2023-07-26 18:21:08,920 [INFO] lola.txt was deleted because it doesn't exist anymore in main dir.
2023-07-26 18:21:32,315 [INFO] lola.txt was deleted because it doesn't exist anymore in main dir.
2023-07-26 18:21:32,315 [INFO] lola.txt deleted
2023-07-26 18:22:47,373 [INFO] lola.txt was deleted because it doesn't exist anymore in main dir.
2023-07-26 18:36:11,904 [INFO] folder.txt was deleted because it doesn't exist anymore in main dir.
2023-07-27 11:13:10,815 [INFO] folder_one was deleted because it doesn't exist anymore in main dir.
2023-07-27 11:24:41,266 [INFO] Working in /Users/stefantraianiancu/Desktop/projects/synchronization_program/source_folder.
2023-07-27 11:25:14,238 [INFO] Working in /Users/stefantraianiancu/Desktop/projects/synchronization_program/source_folder.
2023-07-27 11:25:16,358 [INFO] Working in /Users/stefantraianiancu/Desktop/projects/synchronization_program/source_folder.
2023-07-27 11:45:38,500 [INFO] test.txt was copied to replica.
2023-07-27 11:48:19,585 [INFO] birthday.gif was created and copied to replica.
2023-07-27 11:50:49,732 [INFO] folder.txt was deleted because it doesn't exist anymore in main dir.
2023-07-27 11:52:14,240 [INFO] Working in /Users/stefantraianiancu/Desktop/projects/synchronization_program/source_folder.
2023-07-27 11:56:23,207 [INFO] Working in /Users/stefantraianiancu/Desktop/projects/synchronization_program/source_folder.
2023-07-27 11:59:47,009 [INFO] Working in /Users/stefantraianiancu/Desktop/projects/synchronization_program/source_folder.
2023-07-27 11:59:57,584 [INFO] talking_heads.mp3 was deleted because it doesn't exist anymore in main dir.
2023-07-27 12:00:01,807 [INFO] abc.txt was deleted because it doesn't exist anymore in main dir.
2023-07-27 12:00:18,604 [INFO] ted_talk.mp3 was created and copied to replica.
2023-07-27 12:00:39,726 [INFO] folder_test was created and copied to replica.
2023-07-27 12:00:54,652 [INFO] folder_test was deleted because it doesn't exist anymore in main dir.
2023-07-27 12:02:04,039 [INFO] Working in /Users/stefantraianiancu/Desktop/projects/synchronization_program/source_folder.
2023-07-27 12:03:20,068 [INFO] Working in /Users/stefantraianiancu/Desktop/projects/synchronization_program/source_folder.
2023-07-27 12:04:59,090 [INFO] Started working in /Users/stefantraianiancu/Desktop/projects/synchronization_program/source_folder.
2023-07-27 12:10:02,306 [INFO] Started working in /Users/stefantraianiancu/Desktop/projects/synchronization_program/source_folder.
2023-07-27 12:10:31,673 [INFO] Started working in /Users/stefantraianiancu/Desktop/projects/synchronization_program/source_folder.
2023-07-27 12:10:52,707 [INFO] friends.txt was created and copied to replica.
2023-07-27 12:11:07,617 [INFO] friends.txt was deleted because it doesn't exist anymore in main dir.
2023-07-27 12:15:45,787 [INFO] Started working in /Users/stefantraianiancu/Desktop/projects/synchronization_program/source_folder.
2023-07-27 12:20:28,757 [INFO] Started working in /Users/stefantraianiancu/Desktop/projects/synchronization_program/source_folder.
2023-07-27 12:20:41,912 [INFO] Started working in /Users/stefantraianiancu/Desktop/projects/synchronization_program/source_folder.
2023-07-27 12:21:29,988 [INFO] Started working in /Users/stefantraianiancu/Desktop/projects/synchronization_program/source_folder.
2023-07-27 12:21:39,875 [INFO] Started working in /Users/stefantraianiancu/Desktop/projects/synchronization_program/source_folder.
2023-07-27 12:22:55,451 [INFO] Started working in /Users/stefantraianiancu/Desktop/projects/synchronization_program/source_folder.
2023-07-27 12:23:21,906 [INFO] Started working in /Users/stefantraianiancu/Desktop/projects/synchronization_program/source_folder.
