INFO:root:Ticket generated.
2023-06-20 10:13:06,676 [INFO] Ticket generated.
2023-06-20 10:13:37,092 [WARNING] Reservation deleted.
2023-06-20 10:16:49,278 [INFO] stefan.iancu connected.
2023-06-20 11:25:01,093 [INFO] Ticket generated.
2023-06-20 11:27:39,842 [INFO] Ticket generated.
2023-06-20 11:27:50,614 [INFO] Ticket generated.
2023-06-20 11:30:19,719 [INFO] Ticket generated.
2023-06-20 11:31:00,251 [INFO] Ticket generated.
2023-06-20 11:32:36,123 [WARNING] Reservation deleted.
2023-06-20 11:36:58,989 [INFO] Ticket generated.
2023-06-22 10:39:45,714 [INFO] Ticket generated.
2023-06-22 15:07:52,590 [INFO] Ticket generated.
2023-06-22 15:08:09,661 [INFO] Email sent.
2023-06-22 15:12:17,412 [INFO] Ticket generated.
2023-06-22 15:12:28,022 [INFO] Email sent.
2023-06-22 15:18:16,983 [INFO] Ticket generated.
2023-06-22 15:18:43,726 [INFO] Email sent.
2023-06-22 15:19:51,906 [INFO] Ticket generated.
2023-06-22 15:21:26,647 [INFO] Ticket generated.
2023-06-22 15:57:53,107 [INFO] Ticket generated.
2023-06-22 15:58:03,775 [INFO] Email sent.
2023-06-22 16:02:28,080 [INFO] Ticket generated.
2023-06-22 16:03:34,985 [INFO] Ticket generated.
2023-06-22 16:03:44,881 [INFO] Email sent.
2023-06-22 16:05:17,693 [WARNING] Reservation deleted.
2023-06-22 16:06:50,984 [INFO] stefan.iancu connected.
2023-06-22 16:08:38,114 [INFO] stefan.iancu connected.
2023-06-22 16:13:42,927 [INFO] Ticket generated.
2023-06-22 16:13:52,327 [INFO] Email sent.
2023-06-22 16:15:47,363 [INFO] Ticket generated.
2023-06-22 16:15:58,443 [INFO] Email sent.
2023-06-22 16:18:27,648 [INFO] Ticket generated.
2023-06-22 16:18:34,975 [INFO] Email sent.
2023-06-22 16:19:22,822 [INFO] Ticket generated.
2023-06-22 16:19:32,732 [INFO] Email sent.
2023-06-22 16:21:36,089 [INFO] Ticket generated.
2023-06-22 16:21:45,951 [INFO] Email sent.
2023-06-22 16:23:49,759 [INFO] Ticket generated.
2023-06-22 16:23:58,769 [INFO] Email sent.
2023-06-23 15:21:21,072 [INFO] Ticket generated.
2023-06-23 15:21:32,540 [INFO] Email sent.
2023-06-23 17:11:28,975 [INFO] stefan.iancu logged in.
2023-06-23 17:12:00,591 [INFO] stefan.iancu logged in.
2023-06-23 17:14:21,740 [INFO] daniel.popescu registered.
2023-06-23 17:17:22,265 [INFO] alex.paraschiv registered.
2023-06-23 17:18:58,739 [INFO] alex.paraschiv logged in.
2023-06-23 17:21:30,888 [INFO] andreea.anghel registered.
2023-06-23 17:21:42,215 [INFO] andreea.anghel logged in.
2023-06-24 12:14:36,345 [INFO] stefan.iancu logged in.
2023-06-24 12:17:00,302 [INFO] stefan.iancu logged in.
2023-06-24 12:17:53,915 [INFO] stefan.iancu logged in.
2023-06-24 12:18:52,850 [INFO] stefan.iancu logged in.
2023-06-24 12:21:11,690 [INFO] stefan.iancu logged in.
2023-06-24 12:21:16,301 [WARNING] Reservation deleted.
2023-06-24 12:21:30,302 [WARNING] Reservation deleted.
2023-06-24 12:22:02,352 [WARNING] Reservation deleted.
2023-06-24 12:22:49,595 [INFO] stefan.iancu logged in.
2023-06-24 12:24:31,144 [INFO] stefan.iancu logged in.
2023-06-24 12:24:46,277 [INFO] Ticket generated.
2023-06-24 12:25:08,538 [INFO] Email sent.
2023-06-24 12:26:23,562 [INFO] andreea.savu logged in.
2023-06-24 12:26:42,145 [INFO] Ticket generated.
2023-06-24 12:31:42,463 [INFO] stefan.iancu logged in.
2023-06-24 12:31:55,105 [WARNING] Reservation deleted.
2023-06-24 12:40:23,170 [INFO] stefan.iancu logged in.
2023-06-24 12:40:37,597 [INFO] Ticket generated.
2023-06-24 12:41:13,392 [INFO] Ticket generated.
2023-06-24 12:41:49,421 [INFO] Ticket generated.
2023-06-24 12:43:26,460 [INFO] stefan.iancu logged in.
2023-06-24 12:43:55,544 [INFO] Ticket generated.
2023-06-24 12:44:27,391 [INFO] Ticket generated.
2023-06-24 12:44:46,708 [INFO] Ticket generated.
2023-06-24 12:47:11,288 [INFO] stefan.iancu logged in.
2023-06-24 12:47:31,378 [INFO] Ticket generated.
2023-06-24 12:47:54,047 [INFO] Ticket generated.
2023-06-24 12:48:16,347 [INFO] Ticket generated.
2023-06-24 12:48:35,081 [INFO] Ticket generated.
2023-06-26 15:58:05,323 [INFO] stefan.iancu logged in.
2023-06-27 11:59:42,546 [INFO] stefan.iancu logged in.
2023-06-27 12:01:57,358 [INFO] stefan.iancu logged in.
2023-06-27 12:02:20,374 [INFO] Ticket generated.
2023-06-27 12:06:17,868 [WARNING] Reservation deleted.
2023-06-27 12:06:54,175 [INFO] stefan.iancu logged in.
2023-06-27 12:07:10,388 [INFO] Ticket generated.
2023-06-27 12:07:19,954 [INFO] Email sent.
2023-06-27 12:08:12,616 [WARNING] Reservation deleted.
2023-06-27 12:44:39,347 [INFO] stefan.iancu logged in.
2023-06-27 12:44:58,291 [INFO] Ticket generated.
2023-06-27 12:45:10,698 [INFO] Email sent.
2023-06-27 12:45:32,693 [WARNING] Reservation deleted.
2023-06-27 13:12:11,622 [INFO] stefan.iancu logged in.
2023-06-27 13:12:37,712 [WARNING] Reservation deleted.
2023-06-27 13:13:45,849 [INFO] stefan.iancu logged in.
2023-06-27 13:14:00,272 [WARNING] Reservation deleted.
2023-06-27 13:49:17,554 [INFO] andreea.savu logged in.
2023-06-27 13:49:44,612 [INFO] Ticket generated.
2023-06-27 13:49:54,486 [INFO] Email sent.
2023-06-27 13:51:14,007 [INFO] andreea.savu logged in.
2023-06-27 13:51:46,948 [INFO] andreea.savu logged in.
2023-06-27 13:59:35,402 [INFO] andreea.savu logged in.
2023-06-27 13:59:51,606 [INFO] Ticket generated.
2023-06-27 17:27:35,383 [INFO] andreea.savu logged in.
2023-06-27 17:27:46,334 [WARNING] Reservation deleted.
2023-06-27 17:28:20,760 [INFO] stefan.iancu connected - STAFF.
2023-06-27 17:28:57,044 [WARNING] Reservation deleted.
2023-06-27 17:29:34,673 [INFO] stefan.iancu logged in.
2023-06-27 17:30:41,590 [INFO] alex.paraschiv logged in.
2023-06-27 17:31:08,575 [INFO] Ticket generated.
2023-06-27 17:31:20,193 [INFO] Email sent.
2023-06-27 17:32:53,474 [INFO] alex.paraschiv logged in.
2023-06-28 11:09:04,481 [INFO] andreea.savu logged in.
2023-06-28 11:09:55,609 [INFO] stefan.iancu logged in.
2023-06-28 11:12:25,052 [INFO] andreea.savu logged in.
2023-06-28 11:32:11,316 [INFO] stefan.iancu logged in.
2023-06-28 11:33:22,654 [INFO] stefan.iancu logged in.
2023-06-28 11:36:31,963 [INFO] andreea.savu logged in.
2023-06-28 11:36:48,935 [INFO] Ticket generated.
2023-06-28 11:39:08,357 [INFO] stefan.iancu logged in.
2023-06-28 11:39:33,886 [WARNING] Reservation deleted.
2023-06-28 11:46:16,917 [INFO] andreea.savu logged in.
2023-06-28 12:01:52,939 [INFO] andreea.savu logged in.
2023-06-28 12:03:30,947 [INFO] andreea.savu logged in.
2023-06-28 12:05:17,817 [INFO] andreea.savu logged in.
2023-06-28 12:10:11,356 [INFO] andreea.savu logged in.
2023-06-28 12:10:38,828 [INFO] andreea.savu logged in.
2023-06-28 12:21:02,596 [INFO] andreea.savu logged in.
2023-06-28 12:21:30,562 [INFO] Ticket generated.
2023-06-28 12:21:42,478 [INFO] Email sent.
2023-06-28 12:22:08,506 [INFO] andreea.savu logged in.
2023-06-28 12:24:11,981 [INFO] andreea.savu logged in.
2023-06-28 12:31:47,814 [INFO] andreea.savu logged in.
2023-06-28 12:33:33,150 [INFO] andreea.savu logged in.
2023-06-28 12:34:41,348 [INFO] andreea.savu logged in.
2023-06-28 13:56:18,931 [INFO] stefan.iancu logged in.
2023-06-28 13:56:37,155 [WARNING] Reservation deleted.
2023-06-28 13:56:45,197 [WARNING] Reservation deleted.
2023-06-28 13:56:53,309 [WARNING] Reservation deleted.
2023-06-28 13:58:16,710 [INFO] stefan.iancu logged in.
2023-06-28 14:00:41,681 [INFO] Ticket generated.
2023-06-28 14:01:32,393 [WARNING] Reservation deleted.
2023-06-28 14:03:10,478 [INFO] stefan.iancu connected - STAFF.
2023-06-28 14:03:58,838 [INFO] stefan.iancu connected - STAFF.
2023-06-28 14:06:41,048 [INFO] stefan.iancu connected - STAFF.
2023-06-28 14:07:27,948 [INFO] stefan.iancu connected - STAFF.
2023-06-28 14:08:10,379 [INFO] stefan.iancu connected - STAFF.
2023-06-28 14:12:36,894 [INFO] stefan.iancu logged in.
2023-06-28 14:14:53,691 [INFO] andreea.savu logged in.
2023-06-28 14:19:35,372 [INFO] stefan.iancu connected - STAFF.
2023-06-28 14:19:56,831 [INFO] stefan.iancu connected - STAFF.
2023-06-28 14:20:13,863 [INFO] stefan.iancu connected - STAFF.
2023-06-28 14:20:35,039 [INFO] stefan.iancu connected - STAFF.
2023-06-28 14:23:10,394 [INFO] stefan.iancu connected - STAFF.
2023-06-28 14:23:23,838 [INFO] stefan.iancu connected - STAFF.
2023-06-28 14:27:42,202 [INFO] stefan.iancu connected - STAFF.
2023-06-28 14:28:43,578 [INFO] stefan.iancu connected - STAFF.
2023-06-28 14:32:26,133 [INFO] stefan.iancu connected - STAFF.
2023-06-28 14:32:47,129 [INFO] stefan.iancu connected - STAFF.
2023-06-28 14:34:55,074 [INFO] stefan.iancu connected - STAFF.
2023-06-28 14:36:39,833 [INFO] stefan.iancu connected - STAFF.
2023-06-28 14:38:10,876 [INFO] stefan.iancu connected - STAFF.
2023-06-28 14:38:23,389 [INFO] stefan.iancu connected - STAFF.
2023-06-28 14:39:54,612 [INFO] stefan.iancu connected - STAFF.
2023-06-28 14:43:13,860 [INFO] stefan.iancu connected - STAFF.
2023-06-28 14:43:33,402 [INFO] stefan.iancu connected - STAFF.
2023-06-28 14:45:19,462 [INFO] stefan.iancu connected - STAFF.
2023-06-30 13:24:36,048 [INFO] alex.paraschiv logged in.
2023-06-30 13:25:14,506 [INFO] alex.paraschiv logged in.
2023-06-30 13:25:31,134 [INFO] Ticket generated.
2023-06-30 13:25:40,947 [INFO] Email sent.
2023-06-30 13:26:21,517 [INFO] alex.paraschiv logged in.
2023-06-30 13:26:41,682 [INFO] Ticket generated.
2023-06-30 13:59:56,102 [INFO] stefan.iancu logged in.
2023-06-30 14:01:03,326 [INFO] stefan.iancu connected - STAFF.
2023-06-30 14:01:26,064 [INFO] stefan.iancu connected - STAFF.
2023-06-30 14:01:46,764 [INFO] alex.paraschiv logged in.
2023-06-30 14:02:55,362 [INFO] stefan.iancu logged in.
2023-06-30 14:05:44,678 [INFO] stefan.iancu logged in.
2023-06-30 14:06:26,908 [INFO] stefan.iancu logged in.
2023-06-30 14:06:39,525 [INFO] stefan.iancu logged in.
2023-06-30 14:08:43,550 [INFO] mirela.ion registered.
2023-06-30 14:08:54,292 [INFO] mirela.ion logged in.
2023-06-30 14:09:39,008 [INFO] mirela.ion logged in.
2023-06-30 14:09:55,430 [INFO] Ticket generated.
2023-06-30 14:10:53,118 [WARNING] Reservation deleted.
2023-06-30 14:21:12,567 [INFO] stefan.iancu logged in.
2023-06-30 14:21:27,558 [WARNING] Reservation deleted.
2023-06-30 14:22:15,148 [INFO] marian.savu registered.
2023-06-30 14:22:21,070 [INFO] marian.savu logged in.
2023-06-30 14:25:18,180 [INFO] Ticket generated.
2023-06-30 14:26:38,344 [WARNING] Reservation deleted.
2023-06-30 14:26:54,945 [INFO] Ticket generated.
2023-07-01 07:13:23,684 [INFO] stefan.iancu connected - STAFF.
2023-07-01 07:13:48,092 [INFO] stefan.iancu connected - STAFF.
2023-07-01 07:14:13,296 [INFO] mirela.ion logged in.
2023-07-01 07:14:43,321 [INFO] stefan.iancu logged in.
2023-07-01 07:14:51,977 [WARNING] Reservation deleted.
2023-07-01 07:15:04,787 [WARNING] Reservation deleted.
2023-07-01 07:17:13,414 [INFO] stefan.iancu connected - STAFF.
2023-07-01 07:17:49,653 [INFO] stefan.iancu connected - STAFF.
2023-07-01 07:18:52,608 [INFO] stefan.iancu connected - STAFF.
2023-07-01 07:20:00,085 [INFO] stefan.iancu connected - STAFF.
2023-07-01 07:21:16,531 [INFO] stefan.iancu connected - STAFF.
2023-07-01 07:22:59,353 [INFO] stefan.iancu connected - STAFF.
2023-07-01 07:25:43,131 [INFO] stefan.iancu connected - STAFF.
2023-07-01 07:27:39,178 [INFO] stefan.iancu connected - STAFF.
2023-07-01 07:27:52,799 [INFO] stefan.iancu connected - STAFF.
2023-07-01 07:28:18,192 [INFO] stefan.iancu connected - STAFF.
2023-07-01 07:30:53,325 [INFO] stefan.iancu connected - STAFF.
2023-07-01 07:32:05,127 [INFO] stefan.iancu connected - STAFF.
2023-07-01 07:33:18,149 [INFO] stefan.iancu connected - STAFF.
2023-07-01 07:35:41,814 [INFO] stefan.iancu connected - STAFF.
2023-07-01 07:37:35,333 [INFO] stefan.iancu connected - STAFF.
2023-07-01 07:40:18,174 [INFO] stefan.iancu connected - STAFF.
2023-07-01 07:40:47,622 [INFO] stefan.iancu connected - STAFF.
2023-07-01 07:41:02,996 [INFO] stefan.iancu connected - STAFF.
2023-07-01 07:41:17,638 [INFO] stefan.iancu connected - STAFF.
2023-07-03 19:15:36,921 [INFO] stefan.iancu logged in.
2023-07-03 19:19:51,937 [INFO] Ticket generated.
2023-07-03 19:20:09,511 [INFO] Email sent.
2023-07-05 09:44:01,511 [INFO] stefan.iancu logged in.
2023-07-05 09:49:14,603 [INFO] Ticket generated.
2023-07-05 09:49:25,062 [INFO] Email sent.
2023-07-05 09:52:53,413 [INFO] stefan.iancu logged in.
2023-07-05 10:08:41,391 [INFO] florentina.savu registered.
2023-07-05 10:08:52,665 [INFO] florentina.savu logged in.
2023-07-05 10:09:26,042 [INFO] Ticket generated.
2023-07-05 10:09:34,564 [INFO] Email sent.
2023-07-05 13:47:26,525 [INFO] alex.paraschiv logged in.
2023-07-05 13:47:53,322 [INFO] Ticket generated.
2023-07-05 13:48:07,430 [INFO] Email sent.
2023-07-05 18:52:23,102 [INFO] stefan.iancu logged in.
2023-07-05 18:52:36,528 [INFO] Ticket generated.
2023-07-05 18:52:43,636 [INFO] Email sent.
2023-07-05 19:49:00,986 [INFO] emilia.paraschiv registered.
2023-07-05 19:49:12,893 [INFO] emilia.paraschiv logged in.
2023-07-05 19:50:54,976 [INFO] Ticket generated.
2023-07-05 19:51:21,453 [INFO] Email sent.
2023-07-05 19:53:44,907 [INFO] stefan.iancu connected - STAFF.
